# JRE version: OpenJDK Runtime Environment (11.0.12+7) (build 11.0.12+7-b1504.28-7817840)
# Java VM: OpenJDK 64-Bit Server VM (11.0.12+7-b1504.28-7817840, mixed mode, tiered, compressed oops, g1 gc, windows-amd64)
Heap:
 garbage-first heap   total 157696K, used 28466K [0x0000000080800000, 0x0000000100000000)
  region size 1024K, 8 young (8192K), 8 survivors (8192K)
 Metaspace       used 47571K, capacity 48096K, committed 48284K, reserved 1091584K
  class space    used 5653K, capacity 5848K, committed 5884K, reserved 1048576K
GC Heap History (9 events):
Event: 0.420 GC heap before
{Heap before GC invocations=0 (full 0):
 garbage-first heap   total 131072K, used 17408K [0x0000000080800000, 0x0000000100000000)
  region size 1024K, 14 young (14336K), 0 survivors (0K)
 Metaspace       used 9873K, capacity 10002K, committed 10112K, reserved 1058816K
  class space    used 839K, capacity 885K, committed 896K, reserved 1048576K
}
Event: 0.423 GC heap after
{Heap after GC invocations=1 (full 0):
 garbage-first heap   total 131072K, used 5237K [0x0000000080800000, 0x0000000100000000)
  region size 1024K, 2 young (2048K), 2 survivors (2048K)
 Metaspace       used 9873K, capacity 10002K, committed 10112K, reserved 1058816K
  class space    used 839K, capacity 885K, committed 896K, reserved 1048576K
}
Event: 1.241 GC heap before
{Heap before GC invocations=1 (full 0):
 garbage-first heap   total 131072K, used 52341K [0x0000000080800000, 0x0000000100000000)
  region size 1024K, 49 young (50176K), 2 survivors (2048K)
 Metaspace       used 21041K, capacity 21202K, committed 21296K, reserved 1069056K
  class space    used 2228K, capacity 2306K, committed 2352K, reserved 1048576K
}
Event: 1.254 GC heap after
{Heap after GC invocations=2 (full 0):
 garbage-first heap   total 131072K, used 9850K [0x0000000080800000, 0x0000000100000000)
  region size 1024K, 7 young (7168K), 7 survivors (7168K)
 Metaspace       used 21041K, capacity 21202K, committed 21296K, reserved 1069056K
  class space    used 2228K, capacity 2306K, committed 2352K, reserved 1048576K
}
Event: 2.218 GC heap before
{Heap before GC invocations=3 (full 0):
 garbage-first heap   total 131072K, used 64122K [0x0000000080800000, 0x0000000100000000)
  region size 1024K, 55 young (56320K), 7 survivors (7168K)
 Metaspace       used 32156K, capacity 32621K, committed 32764K, reserved 1077248K
  class space    used 4037K, capacity 4212K, committed 4348K, reserved 1048576K
}
Event: 2.237 GC heap after
{Heap after GC invocations=4 (full 0):
 garbage-first heap   total 131072K, used 21237K [0x0000000080800000, 0x0000000100000000)
  region size 1024K, 7 young (7168K), 7 survivors (7168K)
 Metaspace       used 32156K, capacity 32621K, committed 32764K, reserved 1077248K
  class space    used 4037K, capacity 4212K, committed 4348K, reserved 1048576K
}
Event: 2.496 GC heap before
{Heap before GC invocations=4 (full 0):
 garbage-first heap   total 131072K, used 36597K [0x0000000080800000, 0x0000000100000000)
  region size 1024K, 23 young (23552K), 7 survivors (7168K)
 Metaspace       used 35455K, capacity 35864K, committed 36048K, reserved 1081344K
  class space    used 4396K, capacity 4568K, committed 4604K, reserved 1048576K
}
Event: 2.506 GC heap after
{Heap after GC invocations=5 (full 0):
 garbage-first heap   total 131072K, used 20747K [0x0000000080800000, 0x0000000100000000)
  region size 1024K, 2 young (2048K), 2 survivors (2048K)
 Metaspace       used 35455K, capacity 35864K, committed 36048K, reserved 1081344K
  class space    used 4396K, capacity 4568K, committed 4604K, reserved 1048576K
}
Event: 3.616 GC heap before
{Heap before GC invocations=6 (full 0):
 garbage-first heap   total 131072K, used 81163K [0x0000000080800000, 0x0000000100000000)
  region size 1024K, 59 young (60416K), 2 survivors (2048K)
 Metaspace       used 47571K, capacity 48096K, committed 48284K, reserved 1091584K
  class space    used 5653K, capacity 5848K, committed 5884K, reserved 1048576K
}

